<?xml version="1.0" encoding="UTF-8"?>
<testng-results ignored="0" total="1" passed="1" failed="0" skipped="0">
  <reporter-output>
  </reporter-output>
  <suite started-at="2022-09-06T01:54:41 IST" name="Default suite" finished-at="2022-09-06T01:56:21 IST" duration-ms="100622">
    <groups>
    </groups>
    <test started-at="2022-09-06T01:54:41 IST" name="Default test" finished-at="2022-09-06T01:56:21 IST" duration-ms="100622">
      <class name="com.inetBankingV_2.testcases.TC_LoginTest_001">
        <test-method is-config="true" signature="setup()[pri:0, instance:com.inetBankingV_2.testcases.TC_LoginTest_001@1b11171f]" started-at="2022-09-06T01:54:41 IST" name="setup" finished-at="2022-09-06T01:55:36 IST" duration-ms="55166" status="PASS">
          <reporter-output>
          </reporter-output>
        </test-method> <!-- setup -->
        <test-method signature="loginTest()[pri:0, instance:com.inetBankingV_2.testcases.TC_LoginTest_001@1b11171f]" started-at="2022-09-06T01:55:36 IST" name="loginTest" finished-at="2022-09-06T01:56:16 IST" duration-ms="40154" status="PASS">
          <reporter-output>
          </reporter-output>
        </test-method> <!-- loginTest -->
        <test-method is-config="true" signature="tearDown()[pri:0, instance:com.inetBankingV_2.testcases.TC_LoginTest_001@1b11171f]" started-at="2022-09-06T01:56:16 IST" name="tearDown" finished-at="2022-09-06T01:56:21 IST" duration-ms="5107" status="PASS">
          <reporter-output>
          </reporter-output>
        </test-method> <!-- tearDown -->
      </class> <!-- com.inetBankingV_2.testcases.TC_LoginTest_001 -->
    </test> <!-- Default test -->
  </suite> <!-- Default suite -->
</testng-results>
